SaidIt/build/intermediates/manifest_merge_blame_file/debug/processDebugMainManifest/manifest-merger-blame-debug-report.txt
1<?xml version="1.0" encoding="utf-8"?>
2<manifest xmlns:android="http://schemas.android.com/apk/res/android"
3    package="eu.mrogalski.saidit"
4    android:versionCode="15"
5    android:versionName="2.0.0" >
6
7    <uses-sdk
8        android:minSdkVersion="30"
9        android:targetSdkVersion="34" />
10
11    <!-- Basic functionality -->
12    <uses-permission android:name="android.permission.SCHEDULE_EXACT_ALARM" />
12-->src/main/AndroidManifest.xml:5:5-79
12-->src/main/AndroidManifest.xml:5:22-76
13    <uses-permission android:name="android.permission.WAKE_LOCK" />
13-->src/main/AndroidManifest.xml:6:5-68
13-->src/main/AndroidManifest.xml:6:22-65
14    <uses-permission android:name="android.permission.POST_NOTIFICATIONS" />
14-->src/main/AndroidManifest.xml:7:5-77
14-->src/main/AndroidManifest.xml:7:22-74
15    <uses-permission android:name="android.permission.RECEIVE_BOOT_COMPLETED" />
15-->src/main/AndroidManifest.xml:8:5-81
15-->src/main/AndroidManifest.xml:8:22-78
16    <uses-permission android:name="android.permission.RECORD_AUDIO" />
16-->src/main/AndroidManifest.xml:9:5-71
16-->src/main/AndroidManifest.xml:9:22-68
17    <uses-permission android:name="android.permission.FOREGROUND_SERVICE" />
17-->src/main/AndroidManifest.xml:10:5-77
17-->src/main/AndroidManifest.xml:10:22-74
18    <uses-permission android:name="android.permission.FOREGROUND_SERVICE_MICROPHONE" />
18-->src/main/AndroidManifest.xml:11:5-88
18-->src/main/AndroidManifest.xml:11:22-85
19    <uses-permission android:name="android.permission.READ_EXTERNAL_STORAGE" />
19-->src/main/AndroidManifest.xml:12:5-79
19-->src/main/AndroidManifest.xml:12:22-77
20    <uses-permission android:name="android.permission.WRITE_EXTERNAL_STORAGE" />
20-->src/main/AndroidManifest.xml:13:5-81
20-->src/main/AndroidManifest.xml:13:22-78
21
22    <supports-screens
22-->src/main/AndroidManifest.xml:15:5-17:40
23        android:largeScreens="true"
23-->src/main/AndroidManifest.xml:16:9-36
24        android:xlargeScreens="true" />
24-->src/main/AndroidManifest.xml:17:9-37
25
26    <permission
26-->[androidx.core:core:1.12.0] AndroidManifest.xml:22:5-24:47
27        android:name="eu.mrogalski.saidit.DYNAMIC_RECEIVER_NOT_EXPORTED_PERMISSION"
27-->[androidx.core:core:1.12.0] AndroidManifest.xml:23:9-81
28        android:protectionLevel="signature" />
28-->[androidx.core:core:1.12.0] AndroidManifest.xml:24:9-44
29
30    <uses-permission android:name="eu.mrogalski.saidit.DYNAMIC_RECEIVER_NOT_EXPORTED_PERMISSION" />
30-->[androidx.core:core:1.12.0] AndroidManifest.xml:26:5-97
30-->[androidx.core:core:1.12.0] AndroidManifest.xml:26:22-94
31    <uses-permission android:name="android.permission.READ_PHONE_STATE" />
32
33    <application
33-->src/main/AndroidManifest.xml:19:5-99:19
34        android:name="eu.mrogalski.saidit.EchoApp"
34-->src/main/AndroidManifest.xml:20:9-32
35        android:allowBackup="true"
35-->src/main/AndroidManifest.xml:21:9-35
36        android:appComponentFactory="androidx.core.app.CoreComponentFactory"
36-->[androidx.core:core:1.12.0] AndroidManifest.xml:28:18-86
37        android:debuggable="true"
38        android:extractNativeLibs="false"
39        android:icon="@drawable/ic_launcher"
39-->src/main/AndroidManifest.xml:22:9-45
40        android:label="@string/app_name"
40-->src/main/AndroidManifest.xml:23:9-41
41        android:largeHeap="true"
41-->src/main/AndroidManifest.xml:24:9-33
42        android:theme="@style/Theme" >
42-->src/main/AndroidManifest.xml:25:9-37
43        <activity
43-->src/main/AndroidManifest.xml:26:9-48:20
44            android:name="eu.mrogalski.saidit.SaidItActivity"
44-->src/main/AndroidManifest.xml:27:13-43
45            android:exported="true"
45-->src/main/AndroidManifest.xml:29:13-36
46            android:label="@string/app_name" >
46-->src/main/AndroidManifest.xml:28:13-45
47            <intent-filter>
47-->src/main/AndroidManifest.xml:30:13-33:29
48                <action android:name="android.intent.action.MAIN" />
48-->src/main/AndroidManifest.xml:31:17-69
48-->src/main/AndroidManifest.xml:31:25-66
49
50                <category android:name="android.intent.category.LAUNCHER" />
50-->src/main/AndroidManifest.xml:32:17-77
50-->src/main/AndroidManifest.xml:32:27-74
51            </intent-filter>
52            <intent-filter>
52-->src/main/AndroidManifest.xml:35:13-40:29
53                <action android:name="android.intent.action.VIEW" />
53-->src/main/AndroidManifest.xml:36:17-69
53-->src/main/AndroidManifest.xml:36:25-66
54
55                <category android:name="android.intent.category.DEFAULT" />
55-->src/main/AndroidManifest.xml:37:17-76
55-->src/main/AndroidManifest.xml:37:27-73
56                <category android:name="android.intent.category.BROWSABLE" />
56-->src/main/AndroidManifest.xml:38:17-78
56-->src/main/AndroidManifest.xml:38:27-75
57
58                <data android:scheme="echoLicense" />
58-->src/main/AndroidManifest.xml:39:17-53
58-->src/main/AndroidManifest.xml:39:23-51
59            </intent-filter>
60            <intent-filter>
60-->src/main/AndroidManifest.xml:42:13-47:29
61                <action android:name="android.intent.action.VIEW" />
61-->src/main/AndroidManifest.xml:36:17-69
61-->src/main/AndroidManifest.xml:36:25-66
62
63                <category android:name="android.intent.category.DEFAULT" />
63-->src/main/AndroidManifest.xml:37:17-76
63-->src/main/AndroidManifest.xml:37:27-73
64                <category android:name="android.intent.category.BROWSABLE" />
64-->src/main/AndroidManifest.xml:38:17-78
64-->src/main/AndroidManifest.xml:38:27-75
65
66                <data android:scheme="echoCoupon" />
66-->src/main/AndroidManifest.xml:39:17-53
66-->src/main/AndroidManifest.xml:39:23-51
67            </intent-filter>
68        </activity>
69
70        <service
70-->src/main/AndroidManifest.xml:50:9-55:19
71            android:name="eu.mrogalski.saidit.SaidItService"
71-->src/main/AndroidManifest.xml:51:13-42
72            android:enabled="true"
72-->src/main/AndroidManifest.xml:53:13-35
73            android:exported="false"
73-->src/main/AndroidManifest.xml:54:13-37
74            android:foregroundServiceType="microphone" >
74-->src/main/AndroidManifest.xml:52:13-55
75        </service>
76
77        <receiver
77-->src/main/AndroidManifest.xml:57:9-62:20
78            android:name="eu.mrogalski.saidit.BroadcastReceiver"
78-->src/main/AndroidManifest.xml:57:19-52
79            android:exported="false" >
79-->src/main/AndroidManifest.xml:58:13-37
80            <intent-filter>
80-->src/main/AndroidManifest.xml:59:13-61:29
81                <action android:name="android.intent.action.BOOT_COMPLETED" />
81-->src/main/AndroidManifest.xml:60:17-79
81-->src/main/AndroidManifest.xml:60:25-76
82            </intent-filter>
83        </receiver>
84
85        <activity
85-->src/main/AndroidManifest.xml:64:9-70:20
86            android:name="eu.mrogalski.saidit.SettingsActivity"
86-->src/main/AndroidManifest.xml:65:13-45
87            android:parentActivityName="eu.mrogalski.saidit.SaidItActivity" >
87-->src/main/AndroidManifest.xml:66:13-57
88            <meta-data
88-->src/main/AndroidManifest.xml:67:13-69:50
89                android:name="android.support.PARENT_ACTIVITY"
89-->src/main/AndroidManifest.xml:68:17-63
90                android:value="SaidItActivity" />
90-->src/main/AndroidManifest.xml:69:17-47
91        </activity>
92        <activity
92-->src/main/AndroidManifest.xml:72:9-78:20
93            android:name="eu.mrogalski.saidit.RecordingsActivity"
93-->src/main/AndroidManifest.xml:73:13-47
94            android:parentActivityName="eu.mrogalski.saidit.SaidItActivity" >
94-->src/main/AndroidManifest.xml:74:13-57
95            <meta-data
95-->src/main/AndroidManifest.xml:67:13-69:50
96                android:name="android.support.PARENT_ACTIVITY"
96-->src/main/AndroidManifest.xml:68:17-63
97                android:value="SaidItActivity" />
97-->src/main/AndroidManifest.xml:69:17-47
98        </activity>
99        <activity
99-->src/main/AndroidManifest.xml:80:9-86:20
100            android:name="eu.mrogalski.saidit.HowToActivity"
100-->src/main/AndroidManifest.xml:81:13-42
101            android:parentActivityName="eu.mrogalski.saidit.SaidItActivity" >
101-->src/main/AndroidManifest.xml:82:13-57
102            <meta-data
102-->src/main/AndroidManifest.xml:67:13-69:50
103                android:name="android.support.PARENT_ACTIVITY"
103-->src/main/AndroidManifest.xml:68:17-63
104                android:value="SaidItActivity" />
104-->src/main/AndroidManifest.xml:69:17-47
105        </activity>
106
107        <provider
108            android:name="androidx.core.content.FileProvider"
108-->src/main/AndroidManifest.xml:89:13-62
109            android:authorities="eu.mrogalski.saidit.provider"
109-->src/main/AndroidManifest.xml:90:13-60
110            android:exported="false"
110-->src/main/AndroidManifest.xml:91:13-37
111            android:grantUriPermissions="true" >
111-->src/main/AndroidManifest.xml:92:13-47
112            <meta-data
112-->src/main/AndroidManifest.xml:93:13-97:25
113                android:name="android.support.FILE_PROVIDER_PATHS"
113-->src/main/AndroidManifest.xml:94:17-67
114                android:resource="@xml/path_provider" >
114-->src/main/AndroidManifest.xml:95:17-54
115            </meta-data>
116        </provider>
117        <provider
117-->[androidx.emoji2:emoji2:1.2.0] AndroidManifest.xml:24:9-32:20
118            android:name="androidx.startup.InitializationProvider"
118-->[androidx.emoji2:emoji2:1.2.0] AndroidManifest.xml:25:13-67
119            android:authorities="eu.mrogalski.saidit.androidx-startup"
119-->[androidx.emoji2:emoji2:1.2.0] AndroidManifest.xml:26:13-68
120            android:exported="false" >
120-->[androidx.emoji2:emoji2:1.2.0] AndroidManifest.xml:27:13-37
121            <meta-data
121-->[androidx.emoji2:emoji2:1.2.0] AndroidManifest.xml:29:13-31:52
122                android:name="androidx.emoji2.text.EmojiCompatInitializer"
122-->[androidx.emoji2:emoji2:1.2.0] AndroidManifest.xml:30:17-75
123                android:value="androidx.startup" />
123-->[androidx.emoji2:emoji2:1.2.0] AndroidManifest.xml:31:17-49
124            <meta-data
124-->[androidx.lifecycle:lifecycle-process:2.6.1] AndroidManifest.xml:29:13-31:52
125                android:name="androidx.lifecycle.ProcessLifecycleInitializer"
125-->[androidx.lifecycle:lifecycle-process:2.6.1] AndroidManifest.xml:30:17-78
126                android:value="androidx.startup" />
126-->[androidx.lifecycle:lifecycle-process:2.6.1] AndroidManifest.xml:31:17-49
127            <meta-data
127-->[androidx.profileinstaller:profileinstaller:1.3.0] AndroidManifest.xml:29:13-31:52
128                android:name="androidx.profileinstaller.ProfileInstallerInitializer"
128-->[androidx.profileinstaller:profileinstaller:1.3.0] AndroidManifest.xml:30:17-85
129                android:value="androidx.startup" />
129-->[androidx.profileinstaller:profileinstaller:1.3.0] AndroidManifest.xml:31:17-49
130        </provider>
131
132        <receiver
132-->[androidx.profileinstaller:profileinstaller:1.3.0] AndroidManifest.xml:34:9-52:20
133            android:name="androidx.profileinstaller.ProfileInstallReceiver"
133-->[androidx.profileinstaller:profileinstaller:1.3.0] AndroidManifest.xml:35:13-76
134            android:directBootAware="false"
134-->[androidx.profileinstaller:profileinstaller:1.3.0] AndroidManifest.xml:36:13-44
135            android:enabled="true"
135-->[androidx.profileinstaller:profileinstaller:1.3.0] AndroidManifest.xml:37:13-35
136            android:exported="true"
136-->[androidx.profileinstaller:profileinstaller:1.3.0] AndroidManifest.xml:38:13-36
137            android:permission="android.permission.DUMP" >
137-->[androidx.profileinstaller:profileinstaller:1.3.0] AndroidManifest.xml:39:13-57
138            <intent-filter>
138-->[androidx.profileinstaller:profileinstaller:1.3.0] AndroidManifest.xml:40:13-42:29
139                <action android:name="androidx.profileinstaller.action.INSTALL_PROFILE" />
139-->[androidx.profileinstaller:profileinstaller:1.3.0] AndroidManifest.xml:41:17-91
139-->[androidx.profileinstaller:profileinstaller:1.3.0] AndroidManifest.xml:41:25-88
140            </intent-filter>
141            <intent-filter>
141-->[androidx.profileinstaller:profileinstaller:1.3.0] AndroidManifest.xml:43:13-45:29
142                <action android:name="androidx.profileinstaller.action.SKIP_FILE" />
142-->[androidx.profileinstaller:profileinstaller:1.3.0] AndroidManifest.xml:44:17-85
142-->[androidx.profileinstaller:profileinstaller:1.3.0] AndroidManifest.xml:44:25-82
143            </intent-filter>
144            <intent-filter>
144-->[androidx.profileinstaller:profileinstaller:1.3.0] AndroidManifest.xml:46:13-48:29
145                <action android:name="androidx.profileinstaller.action.SAVE_PROFILE" />
145-->[androidx.profileinstaller:profileinstaller:1.3.0] AndroidManifest.xml:47:17-88
145-->[androidx.profileinstaller:profileinstaller:1.3.0] AndroidManifest.xml:47:25-85
146            </intent-filter>
147            <intent-filter>
147-->[androidx.profileinstaller:profileinstaller:1.3.0] AndroidManifest.xml:49:13-51:29
148                <action android:name="androidx.profileinstaller.action.BENCHMARK_OPERATION" />
148-->[androidx.profileinstaller:profileinstaller:1.3.0] AndroidManifest.xml:50:17-95
148-->[androidx.profileinstaller:profileinstaller:1.3.0] AndroidManifest.xml:50:25-92
149            </intent-filter>
150        </receiver>
151    </application>
152
153</manifest>